Running: /opt/Xilinx/14.7/ISE_DS/ISE/bin/lin64/unwrapped/fuse -intstyle ise -incremental -lib unisims_ver -lib unimacro_ver -lib xilinxcorelib_ver -lib secureip -o /home/ise/Xilinx_host/CS152A/lab1/fpcvt_tb_isim_beh.exe -prj /home/ise/Xilinx_host/CS152A/lab1/fpcvt_tb_beh.prj work.fpcvt_tb work.glbl 
ISim P.20160913 (signature 0xfbc00daa)
Number of CPUs detected in this system: 1
Turning on mult-threading, number of parallel sub-compilation jobs: 0 
Determining compilation order of HDL files
Analyzing Verilog file "/home/ise/Xilinx_host/CS152A/lab1/signMag.v" into library work
Analyzing Verilog file "/home/ise/Xilinx_host/CS152A/lab1/rounding.v" into library work
Analyzing Verilog file "/home/ise/Xilinx_host/CS152A/lab1/countLeadingZeros_andExtract.v" into library work
Analyzing Verilog file "/home/ise/Xilinx_host/CS152A/lab1/fpcvt.v" into library work
Analyzing Verilog file "/home/ise/Xilinx_host/CS152A/lab1/fpcvt_tb.v" into library work
Analyzing Verilog file "/opt/Xilinx/14.7/ISE_DS/ISE//verilog/src/glbl.v" into library work
Starting static elaboration
Completed static elaboration
Fuse Memory Usage: 94920 KB
Fuse CPU Usage: 1270 ms
Compiling module signMag
Compiling module countLeadingZeros_andExtract
Compiling module rounding
Compiling module fpcvt
Compiling module fpcvt_tb
Compiling module glbl
Time Resolution for simulation is 1ps.
Compiled 6 Verilog Units
Built simulation executable /home/ise/Xilinx_host/CS152A/lab1/fpcvt_tb_isim_beh.exe
Fuse Memory Usage: 98396 KB
Fuse CPU Usage: 1330 ms
GCC CPU Usage: 650 ms
