--------------------------------------------------------------------------------
Release 14.6 Trace  (nt64)
Copyright (c) 1995-2013 Xilinx, Inc.  All rights reserved.

C:\Xilinx\14.6\ISE_DS\ISE\bin\nt64\unwrapped\trce.exe -intstyle ise -v 3 -s 3
-n 3 -fastpaths -xml nexys3.twx nexys3.ncd -o nexys3.twr nexys3.pcf

Design file:              nexys3.ncd
Physical constraint file: nexys3.pcf
Device,package,speed:     xa6slx16,csg324,I,-3 (PRODUCTION 1.23 2013-06-08)
Report level:             verbose report

Environment Variable      Effect 
--------------------      ------ 
NONE                      No environment variables were set
--------------------------------------------------------------------------------

INFO:Timing:3412 - To improve timing, see the Timing Closure User Guide (UG612).
INFO:Timing:2752 - To get complete path coverage, use the unconstrained paths 
   option. All paths that are not constrained will be reported in the 
   unconstrained paths section(s) of the report.
INFO:Timing:3339 - The clock-to-out numbers in this timing report are based on 
   a 50 Ohm transmission line loading model.  For the details of this model, 
   and for more information on accounting for different loading conditions, 
   please see the device datasheet.

================================================================================
Timing constraint: TS_sys_clk_pin = PERIOD TIMEGRP "sys_clk_pin" 100 MHz HIGH 
50%;
For more information, see Period Analysis in the Timing Closure User Guide (UG612).

 35447 paths analyzed, 1140 endpoints analyzed, 0 failing endpoints
 0 timing errors detected. (0 setup errors, 0 hold errors, 0 component switching limit errors)
 Minimum period is   8.341ns.
--------------------------------------------------------------------------------

Paths for end point seq_/rf_/rf_3_49 (SLICE_X14Y12.A1), 192 paths
--------------------------------------------------------------------------------
Slack (setup path):     1.659ns (requirement - (data path - clock path skew + uncertainty))
  Source:               seq_/rf_/rf_3_18 (FF)
  Destination:          seq_/rf_/rf_3_49 (FF)
  Requirement:          10.000ns
  Data Path Delay:      8.291ns (Levels of Logic = 3)
  Clock Path Skew:      -0.015ns (0.250 - 0.265)
  Source Clock:         clk_BUFGP rising at 0.000ns
  Destination Clock:    clk_BUFGP rising at 10.000ns
  Clock Uncertainty:    0.035ns

  Clock Uncertainty:          0.035ns  ((TSJ^2 + TIJ^2)^1/2 + DJ) / 2 + PE
    Total System Jitter (TSJ):  0.070ns
    Total Input Jitter (TIJ):   0.000ns
    Discrete Jitter (DJ):       0.000ns
    Phase Error (PE):           0.000ns

  Maximum Data Path at Slow Process Corner: seq_/rf_/rf_3_18 to seq_/rf_/rf_3_49
    Location             Delay type         Delay(ns)  Physical Resource
                                                       Logical Resource(s)
    -------------------------------------------------  -------------------
    SLICE_X13Y11.CQ      Tcko                  0.391   seq_/rf_/rf_3<19>
                                                       seq_/rf_/rf_3_18
    SLICE_X15Y15.B2      net (fanout=3)        1.617   seq_/rf_/rf_3<18>
    SLICE_X15Y15.B       Tilo                  0.259   seq_/rf_/rf_3<54>
                                                       seq_/rf_/Mmux_o_data_a91
    DSP48_X0Y3.B2        net (fanout=6)        0.813   seq_tx_data<2>
    DSP48_X0Y3.M1        Tdspdo_B_M            3.364   seq_/alu_/mult_/Mmult_n0002
                                                       seq_/alu_/mult_/Mmult_n0002
    SLICE_X14Y12.A1      net (fanout=4)        1.558   seq_/alu_/mult_data<1>
    SLICE_X14Y12.CLK     Tas                   0.289   seq_/rf_/rf_3<50>
                                                       seq_/rf_/Mmux_rf[0][15]_i_wdata[15]_mux_5_OUT81
                                                       seq_/rf_/rf_3_49
    -------------------------------------------------  ---------------------------
    Total                                      8.291ns (4.303ns logic, 3.988ns route)
                                                       (51.9% logic, 48.1% route)

--------------------------------------------------------------------------------
Slack (setup path):     2.135ns (requirement - (data path - clock path skew + uncertainty))
  Source:               seq_/rf_/rf_3_53 (FF)
  Destination:          seq_/rf_/rf_3_49 (FF)
  Requirement:          10.000ns
  Data Path Delay:      7.819ns (Levels of Logic = 3)
  Clock Path Skew:      -0.011ns (0.153 - 0.164)
  Source Clock:         clk_BUFGP rising at 0.000ns
  Destination Clock:    clk_BUFGP rising at 10.000ns
  Clock Uncertainty:    0.035ns

  Clock Uncertainty:          0.035ns  ((TSJ^2 + TIJ^2)^1/2 + DJ) / 2 + PE
    Total System Jitter (TSJ):  0.070ns
    Total Input Jitter (TIJ):   0.000ns
    Discrete Jitter (DJ):       0.000ns
    Phase Error (PE):           0.000ns

  Maximum Data Path at Slow Process Corner: seq_/rf_/rf_3_53 to seq_/rf_/rf_3_49
    Location             Delay type         Delay(ns)  Physical Resource
                                                       Logical Resource(s)
    -------------------------------------------------  -------------------
    SLICE_X14Y13.AQ      Tcko                  0.447   seq_/rf_/rf_3<53>
                                                       seq_/rf_/rf_3_53
    SLICE_X13Y16.B3      net (fanout=3)        1.076   seq_/rf_/rf_3<53>
    SLICE_X13Y16.B       Tilo                  0.259   seq_/rf_/rf_3<57>
                                                       seq_/rf_/Mmux_o_data_a121
    DSP48_X0Y3.B5        net (fanout=6)        0.826   seq_tx_data<5>
    DSP48_X0Y3.M1        Tdspdo_B_M            3.364   seq_/alu_/mult_/Mmult_n0002
                                                       seq_/alu_/mult_/Mmult_n0002
    SLICE_X14Y12.A1      net (fanout=4)        1.558   seq_/alu_/mult_data<1>
    SLICE_X14Y12.CLK     Tas                   0.289   seq_/rf_/rf_3<50>
                                                       seq_/rf_/Mmux_rf[0][15]_i_wdata[15]_mux_5_OUT81
                                                       seq_/rf_/rf_3_49
    -------------------------------------------------  ---------------------------
    Total                                      7.819ns (4.359ns logic, 3.460ns route)
                                                       (55.7% logic, 44.3% route)

--------------------------------------------------------------------------------
Slack (setup path):     2.154ns (requirement - (data path - clock path skew + uncertainty))
  Source:               seq_/rf_/rf_3_4 (FF)
  Destination:          seq_/rf_/rf_3_49 (FF)
  Requirement:          10.000ns
  Data Path Delay:      7.799ns (Levels of Logic = 3)
  Clock Path Skew:      -0.012ns (0.153 - 0.165)
  Source Clock:         clk_BUFGP rising at 0.000ns
  Destination Clock:    clk_BUFGP rising at 10.000ns
  Clock Uncertainty:    0.035ns

  Clock Uncertainty:          0.035ns  ((TSJ^2 + TIJ^2)^1/2 + DJ) / 2 + PE
    Total System Jitter (TSJ):  0.070ns
    Total Input Jitter (TIJ):   0.000ns
    Discrete Jitter (DJ):       0.000ns
    Phase Error (PE):           0.000ns

  Maximum Data Path at Slow Process Corner: seq_/rf_/rf_3_4 to seq_/rf_/rf_3_49
    Location             Delay type         Delay(ns)  Physical Resource
                                                       Logical Resource(s)
    -------------------------------------------------  -------------------
    SLICE_X15Y14.AQ      Tcko                  0.391   seq_/rf_/rf_3<7>
                                                       seq_/rf_/rf_3_4
    SLICE_X13Y15.B2      net (fanout=3)        1.092   seq_/rf_/rf_3<4>
    SLICE_X13Y15.B       Tilo                  0.259   seq_/rf_/rf_3<56>
                                                       seq_/rf_/Mmux_o_data_a111
    DSP48_X0Y3.B4        net (fanout=6)        0.846   seq_tx_data<4>
    DSP48_X0Y3.M1        Tdspdo_B_M            3.364   seq_/alu_/mult_/Mmult_n0002
                                                       seq_/alu_/mult_/Mmult_n0002
    SLICE_X14Y12.A1      net (fanout=4)        1.558   seq_/alu_/mult_data<1>
    SLICE_X14Y12.CLK     Tas                   0.289   seq_/rf_/rf_3<50>
                                                       seq_/rf_/Mmux_rf[0][15]_i_wdata[15]_mux_5_OUT81
                                                       seq_/rf_/rf_3_49
    -------------------------------------------------  ---------------------------
    Total                                      7.799ns (4.303ns logic, 3.496ns route)
                                                       (55.2% logic, 44.8% route)

--------------------------------------------------------------------------------

Paths for end point seq_/rf_/rf_3_62 (SLICE_X14Y17.A1), 192 paths
--------------------------------------------------------------------------------
Slack (setup path):     1.688ns (requirement - (data path - clock path skew + uncertainty))
  Source:               seq_/rf_/rf_3_18 (FF)
  Destination:          seq_/rf_/rf_3_62 (FF)
  Requirement:          10.000ns
  Data Path Delay:      8.257ns (Levels of Logic = 3)
  Clock Path Skew:      -0.020ns (0.340 - 0.360)
  Source Clock:         clk_BUFGP rising at 0.000ns
  Destination Clock:    clk_BUFGP rising at 10.000ns
  Clock Uncertainty:    0.035ns

  Clock Uncertainty:          0.035ns  ((TSJ^2 + TIJ^2)^1/2 + DJ) / 2 + PE
    Total System Jitter (TSJ):  0.070ns
    Total Input Jitter (TIJ):   0.000ns
    Discrete Jitter (DJ):       0.000ns
    Phase Error (PE):           0.000ns

  Maximum Data Path at Slow Process Corner: seq_/rf_/rf_3_18 to seq_/rf_/rf_3_62
    Location             Delay type         Delay(ns)  Physical Resource
                                                       Logical Resource(s)
    -------------------------------------------------  -------------------
    SLICE_X13Y11.CQ      Tcko                  0.391   seq_/rf_/rf_3<19>
                                                       seq_/rf_/rf_3_18
    SLICE_X15Y15.B2      net (fanout=3)        1.617   seq_/rf_/rf_3<18>
    SLICE_X15Y15.B       Tilo                  0.259   seq_/rf_/rf_3<54>
                                                       seq_/rf_/Mmux_o_data_a91
    DSP48_X0Y3.B2        net (fanout=6)        0.813   seq_tx_data<2>
    DSP48_X0Y3.M14       Tdspdo_B_M            3.364   seq_/alu_/mult_/Mmult_n0002
                                                       seq_/alu_/mult_/Mmult_n0002
    SLICE_X14Y17.A1      net (fanout=4)        1.524   seq_/alu_/mult_data<14>
    SLICE_X14Y17.CLK     Tas                   0.289   seq_/rf_/rf_3<63>
                                                       seq_/rf_/Mmux_rf[0][15]_i_wdata[15]_mux_5_OUT61
                                                       seq_/rf_/rf_3_62
    -------------------------------------------------  ---------------------------
    Total                                      8.257ns (4.303ns logic, 3.954ns route)
                                                       (52.1% logic, 47.9% route)

--------------------------------------------------------------------------------
Slack (setup path):     2.159ns (requirement - (data path - clock path skew + uncertainty))
  Source:               seq_/rf_/rf_3_53 (FF)
  Destination:          seq_/rf_/rf_3_62 (FF)
  Requirement:          10.000ns
  Data Path Delay:      7.785ns (Levels of Logic = 3)
  Clock Path Skew:      -0.021ns (0.340 - 0.361)
  Source Clock:         clk_BUFGP rising at 0.000ns
  Destination Clock:    clk_BUFGP rising at 10.000ns
  Clock Uncertainty:    0.035ns

  Clock Uncertainty:          0.035ns  ((TSJ^2 + TIJ^2)^1/2 + DJ) / 2 + PE
    Total System Jitter (TSJ):  0.070ns
    Total Input Jitter (TIJ):   0.000ns
    Discrete Jitter (DJ):       0.000ns
    Phase Error (PE):           0.000ns

  Maximum Data Path at Slow Process Corner: seq_/rf_/rf_3_53 to seq_/rf_/rf_3_62
    Location             Delay type         Delay(ns)  Physical Resource
                                                       Logical Resource(s)
    -------------------------------------------------  -------------------
    SLICE_X14Y13.AQ      Tcko                  0.447   seq_/rf_/rf_3<53>
                                                       seq_/rf_/rf_3_53
    SLICE_X13Y16.B3      net (fanout=3)        1.076   seq_/rf_/rf_3<53>
    SLICE_X13Y16.B       Tilo                  0.259   seq_/rf_/rf_3<57>
                                                       seq_/rf_/Mmux_o_data_a121
    DSP48_X0Y3.B5        net (fanout=6)        0.826   seq_tx_data<5>
    DSP48_X0Y3.M14       Tdspdo_B_M            3.364   seq_/alu_/mult_/Mmult_n0002
                                                       seq_/alu_/mult_/Mmult_n0002
    SLICE_X14Y17.A1      net (fanout=4)        1.524   seq_/alu_/mult_data<14>
    SLICE_X14Y17.CLK     Tas                   0.289   seq_/rf_/rf_3<63>
                                                       seq_/rf_/Mmux_rf[0][15]_i_wdata[15]_mux_5_OUT61
                                                       seq_/rf_/rf_3_62
    -------------------------------------------------  ---------------------------
    Total                                      7.785ns (4.359ns logic, 3.426ns route)
                                                       (56.0% logic, 44.0% route)

--------------------------------------------------------------------------------
Slack (setup path):     2.178ns (requirement - (data path - clock path skew + uncertainty))
  Source:               seq_/rf_/rf_3_4 (FF)
  Destination:          seq_/rf_/rf_3_62 (FF)
  Requirement:          10.000ns
  Data Path Delay:      7.765ns (Levels of Logic = 3)
  Clock Path Skew:      -0.022ns (0.340 - 0.362)
  Source Clock:         clk_BUFGP rising at 0.000ns
  Destination Clock:    clk_BUFGP rising at 10.000ns
  Clock Uncertainty:    0.035ns

  Clock Uncertainty:          0.035ns  ((TSJ^2 + TIJ^2)^1/2 + DJ) / 2 + PE
    Total System Jitter (TSJ):  0.070ns
    Total Input Jitter (TIJ):   0.000ns
    Discrete Jitter (DJ):       0.000ns
    Phase Error (PE):           0.000ns

  Maximum Data Path at Slow Process Corner: seq_/rf_/rf_3_4 to seq_/rf_/rf_3_62
    Location             Delay type         Delay(ns)  Physical Resource
                                                       Logical Resource(s)
    -------------------------------------------------  -------------------
    SLICE_X15Y14.AQ      Tcko                  0.391   seq_/rf_/rf_3<7>
                                                       seq_/rf_/rf_3_4
    SLICE_X13Y15.B2      net (fanout=3)        1.092   seq_/rf_/rf_3<4>
    SLICE_X13Y15.B       Tilo                  0.259   seq_/rf_/rf_3<56>
                                                       seq_/rf_/Mmux_o_data_a111
    DSP48_X0Y3.B4        net (fanout=6)        0.846   seq_tx_data<4>
    DSP48_X0Y3.M14       Tdspdo_B_M            3.364   seq_/alu_/mult_/Mmult_n0002
                                                       seq_/alu_/mult_/Mmult_n0002
    SLICE_X14Y17.A1      net (fanout=4)        1.524   seq_/alu_/mult_data<14>
    SLICE_X14Y17.CLK     Tas                   0.289   seq_/rf_/rf_3<63>
                                                       seq_/rf_/Mmux_rf[0][15]_i_wdata[15]_mux_5_OUT61
                                                       seq_/rf_/rf_3_62
    -------------------------------------------------  ---------------------------
    Total                                      7.765ns (4.303ns logic, 3.462ns route)
                                                       (55.4% logic, 44.6% route)

--------------------------------------------------------------------------------

Paths for end point seq_/rf_/rf_3_7 (SLICE_X15Y14.D2), 192 paths
--------------------------------------------------------------------------------
Slack (setup path):     1.728ns (requirement - (data path - clock path skew + uncertainty))
  Source:               seq_/rf_/rf_3_18 (FF)
  Destination:          seq_/rf_/rf_3_7 (FF)
  Requirement:          10.000ns
  Data Path Delay:      8.225ns (Levels of Logic = 3)
  Clock Path Skew:      -0.012ns (0.253 - 0.265)
  Source Clock:         clk_BUFGP rising at 0.000ns
  Destination Clock:    clk_BUFGP rising at 10.000ns
  Clock Uncertainty:    0.035ns

  Clock Uncertainty:          0.035ns  ((TSJ^2 + TIJ^2)^1/2 + DJ) / 2 + PE
    Total System Jitter (TSJ):  0.070ns
    Total Input Jitter (TIJ):   0.000ns
    Discrete Jitter (DJ):       0.000ns
    Phase Error (PE):           0.000ns

  Maximum Data Path at Slow Process Corner: seq_/rf_/rf_3_18 to seq_/rf_/rf_3_7
    Location             Delay type         Delay(ns)  Physical Resource
                                                       Logical Resource(s)
    -------------------------------------------------  -------------------
    SLICE_X13Y11.CQ      Tcko                  0.391   seq_/rf_/rf_3<19>
                                                       seq_/rf_/rf_3_18
    SLICE_X15Y15.B2      net (fanout=3)        1.617   seq_/rf_/rf_3<18>
    SLICE_X15Y15.B       Tilo                  0.259   seq_/rf_/rf_3<54>
                                                       seq_/rf_/Mmux_o_data_a91
    DSP48_X0Y3.B2        net (fanout=6)        0.813   seq_tx_data<2>
    DSP48_X0Y3.M7        Tdspdo_B_M            3.364   seq_/alu_/mult_/Mmult_n0002
                                                       seq_/alu_/mult_/Mmult_n0002
    SLICE_X15Y14.D2      net (fanout=4)        1.459   seq_/alu_/mult_data<7>
    SLICE_X15Y14.CLK     Tas                   0.322   seq_/rf_/rf_3<7>
                                                       seq_/rf_/Mmux_rf[3][15]_i_wdata[15]_mux_2_OUT141
                                                       seq_/rf_/rf_3_7
    -------------------------------------------------  ---------------------------
    Total                                      8.225ns (4.336ns logic, 3.889ns route)
                                                       (52.7% logic, 47.3% route)

--------------------------------------------------------------------------------
Slack (setup path):     2.204ns (requirement - (data path - clock path skew + uncertainty))
  Source:               seq_/rf_/rf_3_53 (FF)
  Destination:          seq_/rf_/rf_3_7 (FF)
  Requirement:          10.000ns
  Data Path Delay:      7.753ns (Levels of Logic = 3)
  Clock Path Skew:      -0.008ns (0.156 - 0.164)
  Source Clock:         clk_BUFGP rising at 0.000ns
  Destination Clock:    clk_BUFGP rising at 10.000ns
  Clock Uncertainty:    0.035ns

  Clock Uncertainty:          0.035ns  ((TSJ^2 + TIJ^2)^1/2 + DJ) / 2 + PE
    Total System Jitter (TSJ):  0.070ns
    Total Input Jitter (TIJ):   0.000ns
    Discrete Jitter (DJ):       0.000ns
    Phase Error (PE):           0.000ns

  Maximum Data Path at Slow Process Corner: seq_/rf_/rf_3_53 to seq_/rf_/rf_3_7
    Location             Delay type         Delay(ns)  Physical Resource
                                                       Logical Resource(s)
    -------------------------------------------------  -------------------
    SLICE_X14Y13.AQ      Tcko                  0.447   seq_/rf_/rf_3<53>
                                                       seq_/rf_/rf_3_53
    SLICE_X13Y16.B3      net (fanout=3)        1.076   seq_/rf_/rf_3<53>
    SLICE_X13Y16.B       Tilo                  0.259   seq_/rf_/rf_3<57>
                                                       seq_/rf_/Mmux_o_data_a121
    DSP48_X0Y3.B5        net (fanout=6)        0.826   seq_tx_data<5>
    DSP48_X0Y3.M7        Tdspdo_B_M            3.364   seq_/alu_/mult_/Mmult_n0002
                                                       seq_/alu_/mult_/Mmult_n0002
    SLICE_X15Y14.D2      net (fanout=4)        1.459   seq_/alu_/mult_data<7>
    SLICE_X15Y14.CLK     Tas                   0.322   seq_/rf_/rf_3<7>
                                                       seq_/rf_/Mmux_rf[3][15]_i_wdata[15]_mux_2_OUT141
                                                       seq_/rf_/rf_3_7
    -------------------------------------------------  ---------------------------
    Total                                      7.753ns (4.392ns logic, 3.361ns route)
                                                       (56.6% logic, 43.4% route)

--------------------------------------------------------------------------------
Slack (setup path):     2.232ns (requirement - (data path - clock path skew + uncertainty))
  Source:               seq_/rf_/rf_3_4 (FF)
  Destination:          seq_/rf_/rf_3_7 (FF)
  Requirement:          10.000ns
  Data Path Delay:      7.733ns (Levels of Logic = 3)
  Clock Path Skew:      0.000ns
  Source Clock:         clk_BUFGP rising at 0.000ns
  Destination Clock:    clk_BUFGP rising at 10.000ns
  Clock Uncertainty:    0.035ns

  Clock Uncertainty:          0.035ns  ((TSJ^2 + TIJ^2)^1/2 + DJ) / 2 + PE
    Total System Jitter (TSJ):  0.070ns
    Total Input Jitter (TIJ):   0.000ns
    Discrete Jitter (DJ):       0.000ns
    Phase Error (PE):           0.000ns

  Maximum Data Path at Slow Process Corner: seq_/rf_/rf_3_4 to seq_/rf_/rf_3_7
    Location             Delay type         Delay(ns)  Physical Resource
                                                       Logical Resource(s)
    -------------------------------------------------  -------------------
    SLICE_X15Y14.AQ      Tcko                  0.391   seq_/rf_/rf_3<7>
                                                       seq_/rf_/rf_3_4
    SLICE_X13Y15.B2      net (fanout=3)        1.092   seq_/rf_/rf_3<4>
    SLICE_X13Y15.B       Tilo                  0.259   seq_/rf_/rf_3<56>
                                                       seq_/rf_/Mmux_o_data_a111
    DSP48_X0Y3.B4        net (fanout=6)        0.846   seq_tx_data<4>
    DSP48_X0Y3.M7        Tdspdo_B_M            3.364   seq_/alu_/mult_/Mmult_n0002
                                                       seq_/alu_/mult_/Mmult_n0002
    SLICE_X15Y14.D2      net (fanout=4)        1.459   seq_/alu_/mult_data<7>
    SLICE_X15Y14.CLK     Tas                   0.322   seq_/rf_/rf_3<7>
                                                       seq_/rf_/Mmux_rf[3][15]_i_wdata[15]_mux_2_OUT141
                                                       seq_/rf_/rf_3_7
    -------------------------------------------------  ---------------------------
    Total                                      7.733ns (4.336ns logic, 3.397ns route)
                                                       (56.1% logic, 43.9% route)

--------------------------------------------------------------------------------

Hold Paths: TS_sys_clk_pin = PERIOD TIMEGRP "sys_clk_pin" 100 MHz HIGH 50%;
--------------------------------------------------------------------------------

Paths for end point seq_/rf_/rf_3_48 (SLICE_X12Y12.A6), 1 path
--------------------------------------------------------------------------------
Slack (hold path):      0.413ns (requirement - (clock path skew + uncertainty - data path))
  Source:               seq_/rf_/rf_3_48 (FF)
  Destination:          seq_/rf_/rf_3_48 (FF)
  Requirement:          0.000ns
  Data Path Delay:      0.413ns (Levels of Logic = 1)
  Clock Path Skew:      0.000ns
  Source Clock:         clk_BUFGP rising at 10.000ns
  Destination Clock:    clk_BUFGP rising at 10.000ns
  Clock Uncertainty:    0.000ns

  Minimum Data Path at Fast Process Corner: seq_/rf_/rf_3_48 to seq_/rf_/rf_3_48
    Location             Delay type         Delay(ns)  Physical Resource
                                                       Logical Resource(s)
    -------------------------------------------------  -------------------
    SLICE_X12Y12.AQ      Tcko                  0.200   seq_/rf_/rf_3<48>
                                                       seq_/rf_/rf_3_48
    SLICE_X12Y12.A6      net (fanout=3)        0.023   seq_/rf_/rf_3<48>
    SLICE_X12Y12.CLK     Tah         (-Th)    -0.190   seq_/rf_/rf_3<48>
                                                       seq_/rf_/Mmux_rf[0][15]_i_wdata[15]_mux_5_OUT17
                                                       seq_/rf_/rf_3_48
    -------------------------------------------------  ---------------------------
    Total                                      0.413ns (0.390ns logic, 0.023ns route)
                                                       (94.4% logic, 5.6% route)

--------------------------------------------------------------------------------

Paths for end point seq_/rf_/rf_3_23 (SLICE_X12Y14.D6), 1 path
--------------------------------------------------------------------------------
Slack (hold path):      0.413ns (requirement - (clock path skew + uncertainty - data path))
  Source:               seq_/rf_/rf_3_23 (FF)
  Destination:          seq_/rf_/rf_3_23 (FF)
  Requirement:          0.000ns
  Data Path Delay:      0.413ns (Levels of Logic = 1)
  Clock Path Skew:      0.000ns
  Source Clock:         clk_BUFGP rising at 10.000ns
  Destination Clock:    clk_BUFGP rising at 10.000ns
  Clock Uncertainty:    0.000ns

  Minimum Data Path at Fast Process Corner: seq_/rf_/rf_3_23 to seq_/rf_/rf_3_23
    Location             Delay type         Delay(ns)  Physical Resource
                                                       Logical Resource(s)
    -------------------------------------------------  -------------------
    SLICE_X12Y14.DQ      Tcko                  0.200   seq_/rf_/rf_3<23>
                                                       seq_/rf_/rf_3_23
    SLICE_X12Y14.D6      net (fanout=3)        0.023   seq_/rf_/rf_3<23>
    SLICE_X12Y14.CLK     Tah         (-Th)    -0.190   seq_/rf_/rf_3<23>
                                                       seq_/rf_/Mmux_rf[2][15]_i_wdata[15]_mux_3_OUT141
                                                       seq_/rf_/rf_3_23
    -------------------------------------------------  ---------------------------
    Total                                      0.413ns (0.390ns logic, 0.023ns route)
                                                       (94.4% logic, 5.6% route)

--------------------------------------------------------------------------------

Paths for end point seq_/rf_/rf_3_24 (SLICE_X8Y15.A6), 1 path
--------------------------------------------------------------------------------
Slack (hold path):      0.416ns (requirement - (clock path skew + uncertainty - data path))
  Source:               seq_/rf_/rf_3_24 (FF)
  Destination:          seq_/rf_/rf_3_24 (FF)
  Requirement:          0.000ns
  Data Path Delay:      0.416ns (Levels of Logic = 1)
  Clock Path Skew:      0.000ns
  Source Clock:         clk_BUFGP rising at 10.000ns
  Destination Clock:    clk_BUFGP rising at 10.000ns
  Clock Uncertainty:    0.000ns

  Minimum Data Path at Fast Process Corner: seq_/rf_/rf_3_24 to seq_/rf_/rf_3_24
    Location             Delay type         Delay(ns)  Physical Resource
                                                       Logical Resource(s)
    -------------------------------------------------  -------------------
    SLICE_X8Y15.AQ       Tcko                  0.200   seq_/rf_/rf_3<27>
                                                       seq_/rf_/rf_3_24
    SLICE_X8Y15.A6       net (fanout=3)        0.026   seq_/rf_/rf_3<24>
    SLICE_X8Y15.CLK      Tah         (-Th)    -0.190   seq_/rf_/rf_3<27>
                                                       seq_/rf_/Mmux_rf[2][15]_i_wdata[15]_mux_3_OUT151
                                                       seq_/rf_/rf_3_24
    -------------------------------------------------  ---------------------------
    Total                                      0.416ns (0.390ns logic, 0.026ns route)
                                                       (93.8% logic, 6.3% route)

--------------------------------------------------------------------------------

Component Switching Limit Checks: TS_sys_clk_pin = PERIOD TIMEGRP "sys_clk_pin" 100 MHz HIGH 50%;
--------------------------------------------------------------------------------
Slack: 6.876ns (period - min period limit)
  Period: 10.000ns
  Min period limit: 3.124ns (320.102MHz) (Trper_CLKA(Fmax))
  Physical resource: uart_top_/tfifo_/Mram_mem/CLKAWRCLK
  Logical resource: uart_top_/tfifo_/Mram_mem/CLKAWRCLK
  Location pin: RAMB8_X0Y17.CLKAWRCLK
  Clock network: clk_BUFGP
--------------------------------------------------------------------------------
Slack: 6.876ns (period - min period limit)
  Period: 10.000ns
  Min period limit: 3.124ns (320.102MHz) (Trper_CLKB(Fmax))
  Physical resource: uart_top_/tfifo_/Mram_mem/CLKBRDCLK
  Logical resource: uart_top_/tfifo_/Mram_mem/CLKBRDCLK
  Location pin: RAMB8_X0Y17.CLKBRDCLK
  Clock network: clk_BUFGP
--------------------------------------------------------------------------------
Slack: 8.270ns (period - min period limit)
  Period: 10.000ns
  Min period limit: 1.730ns (578.035MHz) (Tbcper_I)
  Physical resource: clk_BUFGP/BUFG/I0
  Logical resource: clk_BUFGP/BUFG/I0
  Location pin: BUFGMUX_X3Y13.I0
  Clock network: clk_BUFGP/IBUFG
--------------------------------------------------------------------------------


All constraints were met.


Data Sheet report:
-----------------
All values displayed in nanoseconds (ns)

Clock to Setup on destination clock clk
---------------+---------+---------+---------+---------+
               | Src:Rise| Src:Fall| Src:Rise| Src:Fall|
Source Clock   |Dest:Rise|Dest:Rise|Dest:Fall|Dest:Fall|
---------------+---------+---------+---------+---------+
clk            |    8.341|         |         |         |
---------------+---------+---------+---------+---------+


Timing summary:
---------------

Timing errors: 0  Score: 0  (Setup/Max: 0, Hold: 0)

Constraints cover 35447 paths, 0 nets, and 1525 connections

Design statistics:
   Minimum period:   8.341ns{1}   (Maximum frequency: 119.890MHz)


------------------------------------Footnotes-----------------------------------
1)  The minimum period statistic assumes all single cycle delays.

Analysis completed Thu Apr 26 10:47:49 2018 
--------------------------------------------------------------------------------

Trace Settings:
-------------------------
Trace Settings 

Peak Memory Usage: 223 MB



